Case #1: 0
Case #2: 2
1 3
2 3
Case #3: 3
1 3
2 4
3 4
Case #4: -1
Case #5: -1
Case #6: -1
Case #7: -1
Case #8: 89
39 5
81 5
38 71
12 14
93 31
75 19
51 33
71 1
1 52
34 52
5 64
14 8
58 8
79 8
19 96
40 96
68 50
87 50
11 53
64 53
17 37
94 37
47 77
52 77
13 72
45 72
36 63
32 16
53 16
54 16
59 16
100 16
10 20
62 20
18 6
85 6
49 57
16 91
27 26
77 26
91 26
84 70
99 70
8 25
22 25
41 25
97 25
33 2
86 69
61 76
88 76
95 76
26 98
57 98
25 3
29 3
48 3
37 80
2 43
30 43
66 56
43 28
73 28
4 24
6 24
46 24
72 24
80 24
7 35
15 35
65 35
24 9
28 9
35 9
42 9
44 9
60 9
63 9
69 9
74 9
89 9
90 9
92 9
96 9
20 78
31 78
55 78
76 78
82 78
Case #9: -1
